Build started 5/8/2016 1:09:57 AM.
     1>Project "C:\Users\hp\Desktop\SFML\SFML\SFML.vcxproj" on node 2 (Build target(s)).
     1>ClCompile:
         C:\Program Files (x86)\Microsoft Visual Studio 12.0\VC\bin\CL.exe /c /I"C:\Users\hp\Desktop\SFML\packages\sfml-graphics.2.3.2.0\build\native\../..//build/native/include/" /I"C:\Users\hp\Desktop\SFML\packages\sfml-window.2.3.2.0\build\native\../..//build/native/include/" /I"C:\Users\hp\Desktop\SFML\packages\sfml-network.2.3.2.0\build\native\../..//build/native/include/" /I"C:\Users\hp\Desktop\SFML\packages\sfml-audio.2.3.2.0\build\native\../..//build/native/include/" /I"C:\Users\hp\Desktop\SFML\packages\sfml-system.2.3.2.0\build\native\../..//build/native/include/" /ZI /nologo /W3 /WX- /sdl /Od /Oy- /D HAS_SFML /D HAS_SFML /D HAS_SFML /D HAS_SFML /D HAS_SFML /D WIN32 /D _DEBUG /D _CONSOLE /D _LIB /D _UNICODE /D UNICODE /Gm /EHsc /RTC1 /MDd /GS /fp:precise /Zc:wchar_t /Zc:forScope /Fo"Debug\\" /Fd"Debug\vc120.pdb" /Gd /TP /analyze- /errorReport:prompt Board.cpp
         Board.cpp
     1>c:\users\hp\desktop\sfml\sfml\board.cpp(86): warning C4018: '<' : signed/unsigned mismatch
     1>c:\users\hp\desktop\sfml\sfml\board.cpp(108): warning C4018: '<' : signed/unsigned mismatch
     1>c:\users\hp\desktop\sfml\sfml\board.cpp(164): warning C4018: '<' : signed/unsigned mismatch
       Link:
         C:\Program Files (x86)\Microsoft Visual Studio 12.0\VC\bin\link.exe /ERRORREPORT:PROMPT /OUT:"C:\Users\hp\Desktop\SFML\Debug\SFML.exe" /INCREMENTAL /NOLOGO "C:\Users\hp\Desktop\SFML\packages\sfml-graphics.2.3.2.0\build\native\../..//build/native/lib/Win32\v120\Debug\dynamic\sfml-graphics-d.lib" "C:\Users\hp\Desktop\SFML\packages\sfml-window.2.3.2.0\build\native\../..//build/native/lib/Win32\v120\Debug\dynamic\sfml-window-d.lib" "C:\Users\hp\Desktop\SFML\packages\sfml-network.2.3.2.0\build\native\../..//build/native/lib/Win32\v120\Debug\dynamic\sfml-network-d.lib" "C:\Users\hp\Desktop\SFML\packages\sfml-audio.2.3.2.0\build\native\../..//build/native/lib/Win32\v120\Debug\dynamic\sfml-audio-d.lib" "C:\Users\hp\Desktop\SFML\packages\sfml-system.2.3.2.0\build\native\../..//build/native/lib/Win32\vorbisfile.lib" "C:\Users\hp\Desktop\SFML\packages\sfml-system.2.3.2.0\build\native\../..//build/native/lib/Win32\vorbisenc.lib" "C:\Users\hp\Desktop\SFML\packages\sfml-system.2.3.2.0\build\native\../..//build/native/lib/Win32\vorbis.lib" "C:\Users\hp\Desktop\SFML\packages\sfml-system.2.3.2.0\build\native\../..//build/native/lib/Win32\openal32.lib" "C:\Users\hp\Desktop\SFML\packages\sfml-system.2.3.2.0\build\native\../..//build/native/lib/Win32\ogg.lib" "C:\Users\hp\Desktop\SFML\packages\sfml-system.2.3.2.0\build\native\../..//build/native/lib/Win32\jpeg.lib" "C:\Users\hp\Desktop\SFML\packages\sfml-system.2.3.2.0\build\native\../..//build/native/lib/Win32\freetype.lib" "C:\Users\hp\Desktop\SFML\packages\sfml-system.2.3.2.0\build\native\../..//build/native/lib/Win32\flac.lib" "C:\Users\hp\Desktop\SFML\packages\sfml-system.2.3.2.0\build\native\../..//build/native/lib/Win32\v120\Debug\dynamic\sfml-system-d.lib" "C:\Users\hp\Desktop\SFML\packages\sfml-system.2.3.2.0\build\native\../..//build/native/lib/Win32\v120\Debug\sfml-main-d.lib" kernel32.lib user32.lib gdi32.lib winspool.lib comdlg32.lib advapi32.lib shell32.lib ole32.lib oleaut32.lib uuid.lib odbc32.lib odbccp32.lib /MANIFEST /MANIFESTUAC:"level='asInvoker' uiAccess='false'" /manifest:embed /DEBUG /PDB:"C:\Users\hp\Desktop\SFML\Debug\SFML.pdb" /SUBSYSTEM:CONSOLE /TLBID:1 /DYNAMICBASE /NXCOMPAT /IMPLIB:"C:\Users\hp\Desktop\SFML\Debug\SFML.lib" /MACHINE:X86 Debug\Askary.obj
         Debug\Board.obj
         Debug\Empty.obj
         Debug\Feel.obj
         Debug\Hossan.obj
         Debug\Malek.obj
         Debug\Pieces.obj
         Debug\Source.obj
         Debug\TabiaParent.obj
         Debug\Wazer.obj
         SFML.vcxproj -> C:\Users\hp\Desktop\SFML\Debug\SFML.exe
     1>Done Building Project "C:\Users\hp\Desktop\SFML\SFML\SFML.vcxproj" (Build target(s)).

Build succeeded.

Time Elapsed 00:00:06.01
